<?xml version="1.0" encoding="UTF-8"?>
<robot generator="Robot 3.1.1 (Python 3.7.2 on win32)" generated="20190326 16:11:55.189" rpa="false">
<suite id="s1" name="TestSuite1" source="C:\Users\veerteja.yemula\eclipse-workspace\RobotProject\TestSuites\TestSuite1.robot">
<kw name="Log" library="BuiltIn" type="setup">
<doc>Logs the given message with the given level.</doc>
<arguments>
<arg>I am inside Test Suite Setup</arg>
</arguments>
<msg timestamp="20190326 16:11:55.439" level="INFO">I am inside Test Suite Setup</msg>
<status status="PASS" starttime="20190326 16:11:55.439" endtime="20190326 16:11:55.439"></status>
</kw>
<test id="s1-t1" name="TC1">
<kw name="Log" library="BuiltIn" type="setup">
<doc>Logs the given message with the given level.</doc>
<arguments>
<arg>I am inside Test Setup</arg>
</arguments>
<msg timestamp="20190326 16:11:55.440" level="INFO">I am inside Test Setup</msg>
<status status="PASS" starttime="20190326 16:11:55.440" endtime="20190326 16:11:55.440"></status>
</kw>
<kw name="Log" library="BuiltIn">
<doc>Logs the given message with the given level.</doc>
<arguments>
<arg>Test Case 1</arg>
</arguments>
<msg timestamp="20190326 16:11:55.441" level="INFO">Test Case 1</msg>
<status status="PASS" starttime="20190326 16:11:55.441" endtime="20190326 16:11:55.441"></status>
</kw>
<kw name="Log" library="BuiltIn" type="teardown">
<doc>Logs the given message with the given level.</doc>
<arguments>
<arg>I am inside Test Teardown</arg>
</arguments>
<msg timestamp="20190326 16:11:55.442" level="INFO">I am inside Test Teardown</msg>
<status status="PASS" starttime="20190326 16:11:55.441" endtime="20190326 16:11:55.442"></status>
</kw>
<tags>
<tag>Smoke</tag>
</tags>
<status status="PASS" starttime="20190326 16:11:55.439" endtime="20190326 16:11:55.442" critical="yes"></status>
</test>
<test id="s1-t2" name="TC2">
<kw name="Log" library="BuiltIn" type="setup">
<doc>Logs the given message with the given level.</doc>
<arguments>
<arg>I am inside Test Setup</arg>
</arguments>
<msg timestamp="20190326 16:11:55.446" level="INFO">I am inside Test Setup</msg>
<status status="PASS" starttime="20190326 16:11:55.446" endtime="20190326 16:11:55.446"></status>
</kw>
<kw name="Log" library="BuiltIn">
<doc>Logs the given message with the given level.</doc>
<arguments>
<arg>Test Case 1</arg>
</arguments>
<msg timestamp="20190326 16:11:55.448" level="INFO">Test Case 1</msg>
<status status="PASS" starttime="20190326 16:11:55.448" endtime="20190326 16:11:55.448"></status>
</kw>
<kw name="Set Tags" library="BuiltIn">
<doc>Adds given ``tags`` for the current test or all tests in a suite.</doc>
<arguments>
<arg>Regression</arg>
</arguments>
<msg timestamp="20190326 16:11:55.449" level="INFO">Set tag 'Regression'.</msg>
<status status="PASS" starttime="20190326 16:11:55.448" endtime="20190326 16:11:55.449"></status>
</kw>
<kw name="Log" library="BuiltIn" type="teardown">
<doc>Logs the given message with the given level.</doc>
<arguments>
<arg>I am inside Test Teardown</arg>
</arguments>
<msg timestamp="20190326 16:11:55.449" level="INFO">I am inside Test Teardown</msg>
<status status="PASS" starttime="20190326 16:11:55.449" endtime="20190326 16:11:55.449"></status>
</kw>
<tags>
<tag>Functional</tag>
<tag>Regression</tag>
</tags>
<status status="PASS" starttime="20190326 16:11:55.445" endtime="20190326 16:11:55.449" critical="yes"></status>
</test>
<test id="s1-t3" name="TC3">
<kw name="Log" library="BuiltIn" type="setup">
<doc>Logs the given message with the given level.</doc>
<arguments>
<arg>I am inside Test Setup</arg>
</arguments>
<msg timestamp="20190326 16:11:55.455" level="INFO">I am inside Test Setup</msg>
<status status="PASS" starttime="20190326 16:11:55.454" endtime="20190326 16:11:55.455"></status>
</kw>
<kw name="Log" library="BuiltIn">
<doc>Logs the given message with the given level.</doc>
<arguments>
<arg>Test Case 1</arg>
</arguments>
<msg timestamp="20190326 16:11:55.456" level="INFO">Test Case 1</msg>
<status status="PASS" starttime="20190326 16:11:55.456" endtime="20190326 16:11:55.456"></status>
</kw>
<kw name="Remove Tags" library="BuiltIn">
<doc>Removes given ``tags`` from the current test or all tests in a suite.</doc>
<arguments>
<arg>Functional</arg>
</arguments>
<msg timestamp="20190326 16:11:55.457" level="INFO">Removed tag 'Functional'.</msg>
<status status="PASS" starttime="20190326 16:11:55.456" endtime="20190326 16:11:55.457"></status>
</kw>
<kw name="Log" library="BuiltIn" type="teardown">
<doc>Logs the given message with the given level.</doc>
<arguments>
<arg>I am inside Test Teardown</arg>
</arguments>
<msg timestamp="20190326 16:11:55.459" level="INFO">I am inside Test Teardown</msg>
<status status="PASS" starttime="20190326 16:11:55.459" endtime="20190326 16:11:55.459"></status>
</kw>
<tags>
<tag>Sanity</tag>
</tags>
<status status="PASS" starttime="20190326 16:11:55.454" endtime="20190326 16:11:55.459" critical="yes"></status>
</test>
<kw name="Log" library="BuiltIn" type="teardown">
<doc>Logs the given message with the given level.</doc>
<arguments>
<arg>I am inside Test Suite Teardown</arg>
</arguments>
<msg timestamp="20190326 16:11:55.463" level="INFO">I am inside Test Suite Teardown</msg>
<status status="PASS" starttime="20190326 16:11:55.463" endtime="20190326 16:11:55.464"></status>
</kw>
<status status="PASS" starttime="20190326 16:11:55.195" endtime="20190326 16:11:55.464"></status>
</suite>
<statistics>
<total>
<stat pass="3" fail="0">Critical Tests</stat>
<stat pass="3" fail="0">All Tests</stat>
</total>
<tag>
<stat pass="1" fail="0">Functional</stat>
<stat pass="1" fail="0">Regression</stat>
<stat pass="1" fail="0">Sanity</stat>
<stat pass="1" fail="0">Smoke</stat>
</tag>
<suite>
<stat pass="3" fail="0" id="s1" name="TestSuite1">TestSuite1</stat>
</suite>
</statistics>
<errors>
</errors>
</robot>
